[ajh.college/g/ovo/index.html]
[backblue.gif]
[fade.gif]
[index.html]
[ajh.college/js/main.js]
[ajh.college/g/ovo/appmanifest.json]
[ajh.college/g/ovo/icon-256.png]
[ajh.college/g/ovo/animate.css]
[ajh.college/g/ovo/hmmg_layoutTransition.css]
[ajh.college/g/ovo/jquery.gritter.css]
[ajh.college/g/ovo/jquery-3.4.1.min.js]
[ajh.college/g/ovo/GameAnalytics.js]
[ajh.college/g/ovo/Tween.js]
[ajh.college/g/ovo/html2canvas.min.js]
[ajh.college/g/ovo/jquery.gritter.js]
[ajh.college/g/ovo/howler.js]
[ajh.college/g/ovo/c2runtime.js]
[ajh.college/g/ovo/sw.js]
[ajh.college/cdn-cgi/scripts/7d0fa10a/cloudflare-static/rocket-loader.min.js]
[ajh.college/g/sitelock.js]
[ajh.college/g/ovo/index.html]
[ajh.college/js/main.html]
[ajh.college/g/ovo/animate.css]
[ajh.college/g/ovo/hmmg_layoutTransition.css]
[ajh.college/g/ovo/jquery.gritter.css]
[ajh.college/g/sitelock.html]
